INFO 2024-09-19 19:20:52,053 autoreload C:\Users\Toshiba\Desktop\Proyectos\inventario\inventario\settings.py changed, reloading.
INFO 2024-09-19 19:20:53,528 autoreload Watching for file changes with StatReloader
INFO 2024-09-19 19:24:31,271 autoreload Watching for file changes with StatReloader
INFO 2024-09-26 17:20:26,721 autoreload Watching for file changes with StatReloader
INFO 2024-09-26 17:35:05,355 autoreload Watching for file changes with StatReloader
INFO 2024-09-26 17:35:14,009 basehttp "GET /ventas/inicio_turno/17/ HTTP/1.1" 200 2335
INFO 2024-09-26 17:35:16,217 basehttp "GET /ventas/inicio_turno/17/ HTTP/1.1" 200 2335
INFO 2024-09-26 17:35:49,728 basehttp "GET /registro-turnos/login/ HTTP/1.1" 200 929
INFO 2024-09-26 17:35:50,292 basehttp "GET /reportes/filtro_turnos/ HTTP/1.1" 200 4206
INFO 2024-09-26 17:35:56,004 basehttp "GET /reportes/ventas_por_turno/?turno_id=17 HTTP/1.1" 200 10493
INFO 2024-09-26 17:40:32,248 basehttp "GET /ventas/carrito/ HTTP/1.1" 200 2003
INFO 2024-09-26 17:40:35,138 basehttp "POST /ventas/carrito/ HTTP/1.1" 302 0
INFO 2024-09-26 17:40:35,247 basehttp "GET /ventas/carrito/ HTTP/1.1" 200 871
INFO 2024-09-26 17:40:42,361 basehttp "POST /ventas/agregar/1/ HTTP/1.1" 302 0
INFO 2024-09-26 17:40:42,493 basehttp "GET /ventas/inicio_turno/17/ HTTP/1.1" 200 2311
INFO 2024-09-26 17:40:43,569 basehttp "GET /ventas/carrito/ HTTP/1.1" 200 2000
INFO 2024-09-26 17:40:45,411 basehttp "GET /facturacion/generar_factura/ HTTP/1.1" 200 6314
INFO 2024-09-26 17:42:03,772 basehttp "GET /reportes/ventas_por_turno/?turno_id=17 HTTP/1.1" 200 10493
INFO 2024-09-26 17:42:07,412 basehttp "GET /reportes/ventas_por_turno/?turno_id=16 HTTP/1.1" 200 6289
INFO 2024-09-26 17:42:31,223 basehttp "GET /reportes/ventas_por_turno/?turno_id=15 HTTP/1.1" 200 2791
INFO 2024-09-26 17:42:34,132 basehttp "GET /reportes/ventas_por_turno/?turno_id=14 HTTP/1.1" 200 2791
INFO 2024-09-26 17:42:37,465 basehttp "GET /reportes/ventas_por_turno/?turno_id=17 HTTP/1.1" 200 10493
INFO 2024-09-26 17:43:07,715 basehttp "POST /ventas/carrito/ HTTP/1.1" 302 0
INFO 2024-09-26 17:43:07,831 basehttp "GET /ventas/carrito/ HTTP/1.1" 200 871
INFO 2024-09-26 17:43:10,565 basehttp "GET /ventas/inicio_turno/17/ HTTP/1.1" 200 2164
INFO 2024-09-26 17:48:03,478 basehttp "GET /reportes/reporte-ventas/ HTTP/1.1" 200 30408
INFO 2024-09-26 17:49:12,219 basehttp "GET /inventarios/productos/agregar/ HTTP/1.1" 200 3758
INFO 2024-09-26 17:50:24,348 basehttp "POST /inventarios/productos/agregar/ HTTP/1.1" 302 0
INFO 2024-09-26 17:50:24,463 basehttp "GET /inventarios/productos/ HTTP/1.1" 200 2297
INFO 2024-09-26 17:50:29,666 basehttp "GET /inventarios/productos/1/ver/ HTTP/1.1" 200 1243
INFO 2024-09-26 17:50:34,295 basehttp "GET /inventarios/productos/2/ver/ HTTP/1.1" 200 1243
INFO 2024-09-26 17:51:28,156 basehttp "GET /inventarios/productos/agregar/ HTTP/1.1" 200 3758
INFO 2024-09-26 17:51:36,883 basehttp "GET /inventarios/productos/ HTTP/1.1" 200 2297
INFO 2024-09-26 17:52:55,522 basehttp "GET /inventarios/seleccionar-sucursal/ HTTP/1.1" 200 1137
INFO 2024-09-26 17:52:59,881 basehttp "POST /inventarios/seleccionar-sucursal/ HTTP/1.1" 302 0
INFO 2024-09-26 17:52:59,985 basehttp "GET /inventarios/ver/2/ HTTP/1.1" 200 980
INFO 2024-09-26 17:53:16,790 basehttp "POST /inventarios/seleccionar-sucursal/ HTTP/1.1" 302 0
INFO 2024-09-26 17:53:16,926 basehttp "GET /inventarios/ver/2/ HTTP/1.1" 200 980
ERROR 2024-09-26 17:53:49,709 log Internal Server Error: /inventarios/agregar/
Traceback (most recent call last):
  File "C:\Users\Toshiba\anaconda3\envs\inventario\lib\site-packages\django\core\handlers\exception.py", line 55, in inner
    response = get_response(request)
  File "C:\Users\Toshiba\anaconda3\envs\inventario\lib\site-packages\django\core\handlers\base.py", line 204, in _get_response
    self.check_response(response, callback)
  File "C:\Users\Toshiba\anaconda3\envs\inventario\lib\site-packages\django\core\handlers\base.py", line 332, in check_response
    raise ValueError(
ValueError: The view inventarios.views.agregar_producto_inventario didn't return an HttpResponse object. It returned None instead.
ERROR 2024-09-26 17:53:49,714 basehttp "GET /inventarios/agregar/ HTTP/1.1" 500 73000
ERROR 2024-09-26 17:55:27,471 log Internal Server Error: /inventarios/agregar/
Traceback (most recent call last):
  File "C:\Users\Toshiba\anaconda3\envs\inventario\lib\site-packages\django\core\handlers\exception.py", line 55, in inner
    response = get_response(request)
  File "C:\Users\Toshiba\anaconda3\envs\inventario\lib\site-packages\django\core\handlers\base.py", line 204, in _get_response
    self.check_response(response, callback)
  File "C:\Users\Toshiba\anaconda3\envs\inventario\lib\site-packages\django\core\handlers\base.py", line 332, in check_response
    raise ValueError(
ValueError: The view inventarios.views.agregar_producto_inventario didn't return an HttpResponse object. It returned None instead.
ERROR 2024-09-26 17:55:27,473 basehttp "GET /inventarios/agregar/ HTTP/1.1" 500 73274
WARNING 2024-09-26 17:55:30,361 log Not Found: /inventarios/ver/
WARNING 2024-09-26 17:55:30,363 basehttp "GET /inventarios/ver/ HTTP/1.1" 404 6371
ERROR 2024-09-26 17:55:52,566 log Internal Server Error: /inventarios/agregar/
Traceback (most recent call last):
  File "C:\Users\Toshiba\anaconda3\envs\inventario\lib\site-packages\django\core\handlers\exception.py", line 55, in inner
    response = get_response(request)
  File "C:\Users\Toshiba\anaconda3\envs\inventario\lib\site-packages\django\core\handlers\base.py", line 204, in _get_response
    self.check_response(response, callback)
  File "C:\Users\Toshiba\anaconda3\envs\inventario\lib\site-packages\django\core\handlers\base.py", line 332, in check_response
    raise ValueError(
ValueError: The view inventarios.views.agregar_producto_inventario didn't return an HttpResponse object. It returned None instead.
ERROR 2024-09-26 17:55:52,569 basehttp "GET /inventarios/agregar/ HTTP/1.1" 500 73000
INFO 2024-09-26 17:57:07,163 autoreload C:\Users\Toshiba\Desktop\Proyectos\inventario\inventarios\views.py changed, reloading.
INFO 2024-09-26 17:57:08,326 autoreload Watching for file changes with StatReloader
INFO 2024-09-26 17:57:15,278 basehttp "GET /inventarios/agregar/ HTTP/1.1" 200 2618
INFO 2024-09-26 17:57:26,499 basehttp "POST /inventarios/agregar/ HTTP/1.1" 302 0
INFO 2024-09-26 17:57:26,509 basehttp "GET /inventarios/agregar/ HTTP/1.1" 200 2618
INFO 2024-09-26 17:57:28,737 basehttp "POST /inventarios/agregar/ HTTP/1.1" 302 0
INFO 2024-09-26 17:57:28,749 basehttp "GET /inventarios/agregar/ HTTP/1.1" 200 2618
INFO 2024-09-26 17:57:45,606 basehttp "GET /inventarios/productos/agregar/ HTTP/1.1" 200 3758
INFO 2024-09-26 18:43:05,632 basehttp "GET /inventarios/compras/ver HTTP/1.1" 301 0
INFO 2024-09-26 18:43:05,791 basehttp "GET /inventarios/compras/ver/ HTTP/1.1" 200 1700
INFO 2024-09-26 18:43:33,429 basehttp "GET /inventarios/compras/agregar/ HTTP/1.1" 200 2254
INFO 2024-09-26 18:45:14,613 basehttp "GET /inventarios/agregar/ HTTP/1.1" 200 2618
INFO 2024-09-26 18:45:56,647 basehttp "GET /inventarios/agregar/ HTTP/1.1" 200 2618
INFO 2024-09-26 18:45:58,466 basehttp "GET /inventarios/productos/agregar/ HTTP/1.1" 200 3758
INFO 2024-09-26 18:46:00,686 basehttp "GET /inventarios/productos/ HTTP/1.1" 200 2297
INFO 2024-09-26 18:46:57,661 basehttp "GET /inventarios/productos/1/editar/ HTTP/1.1" 200 2883
INFO 2024-09-26 18:48:06,773 basehttp "GET /inventarios/productos/1/editar/ HTTP/1.1" 200 2883
INFO 2024-09-26 18:50:03,269 basehttp "POST /inventarios/productos/1/editar/ HTTP/1.1" 302 0
INFO 2024-09-26 18:50:03,381 basehttp "GET /inventarios/productos/ HTTP/1.1" 200 2297
INFO 2024-09-26 18:50:50,763 basehttp "GET /inventarios/productos/2/editar/ HTTP/1.1" 200 2870
INFO 2024-09-26 18:51:22,703 basehttp "GET /inventarios/seleccionar-sucursal/ HTTP/1.1" 200 1137
INFO 2024-09-26 18:51:26,302 basehttp "POST /inventarios/seleccionar-sucursal/ HTTP/1.1" 302 0
INFO 2024-09-26 18:51:26,402 basehttp "GET /inventarios/ver/2/ HTTP/1.1" 200 980
INFO 2024-09-26 18:51:30,667 basehttp "POST /inventarios/seleccionar-sucursal/ HTTP/1.1" 302 0
INFO 2024-09-26 18:51:30,774 basehttp "GET /inventarios/ver/1/ HTTP/1.1" 200 1323
INFO 2024-09-26 18:51:32,535 basehttp "GET /inventarios/ajustar/1/1/ HTTP/1.1" 200 985
INFO 2024-09-26 18:51:47,273 basehttp "POST /inventarios/seleccionar-sucursal/ HTTP/1.1" 302 0
INFO 2024-09-26 18:51:47,408 basehttp "GET /inventarios/ver/2/ HTTP/1.1" 200 980
INFO 2024-09-26 18:51:59,770 basehttp "GET /inventarios/ajustar/2/1 HTTP/1.1" 301 0
WARNING 2024-09-26 18:51:59,910 log Not Found: /inventarios/ajustar/2/1/
WARNING 2024-09-26 18:51:59,911 basehttp "GET /inventarios/ajustar/2/1/ HTTP/1.1" 404 3746
INFO 2024-09-26 19:00:14,808 basehttp "GET /inventarios/seleccionar-sucursal/ HTTP/1.1" 200 1137
INFO 2024-09-26 19:00:18,873 basehttp "POST /inventarios/seleccionar-sucursal/ HTTP/1.1" 302 0
INFO 2024-09-26 19:00:19,111 basehttp "GET /inventarios/ver/2/ HTTP/1.1" 200 980
INFO 2024-09-26 19:53:27,497 autoreload Watching for file changes with StatReloader
INFO 2024-09-26 19:53:31,164 basehttp "GET /inventarios/productos/agregar/ HTTP/1.1" 200 3749
INFO 2024-09-26 19:55:41,415 autoreload C:\Users\Toshiba\Desktop\Proyectos\inventario\inventarios\models.py changed, reloading.
INFO 2024-09-26 19:55:42,658 autoreload Watching for file changes with StatReloader
INFO 2024-09-26 19:56:39,129 autoreload Watching for file changes with StatReloader
INFO 2024-09-26 19:56:50,624 basehttp "GET /inventarios/productos/agregar/ HTTP/1.1" 200 3740
INFO 2024-09-26 19:57:10,232 basehttp "POST /inventarios/productos/agregar/ HTTP/1.1" 302 0
INFO 2024-09-26 19:57:10,346 basehttp "GET /inventarios/productos/ HTTP/1.1" 200 2932
INFO 2024-09-26 20:49:45,569 basehttp "GET /inventarios/productos/agregar/ HTTP/1.1" 200 3740
INFO 2024-09-26 20:50:50,018 autoreload C:\Users\Toshiba\Desktop\Proyectos\inventario\inventarios\models.py changed, reloading.
INFO 2024-09-26 20:51:07,045 autoreload Watching for file changes with StatReloader
INFO 2024-09-26 20:53:51,894 autoreload Watching for file changes with StatReloader
INFO 2024-09-26 21:03:39,694 autoreload C:\Users\Toshiba\Desktop\Proyectos\inventario\inventarios\models.py changed, reloading.
INFO 2024-09-26 21:03:40,747 autoreload Watching for file changes with StatReloader
INFO 2024-09-26 21:04:15,828 autoreload C:\Users\Toshiba\Desktop\Proyectos\inventario\inventarios\models.py changed, reloading.
INFO 2024-09-26 21:04:17,186 autoreload Watching for file changes with StatReloader
INFO 2024-09-26 21:27:00,052 autoreload Watching for file changes with StatReloader
INFO 2024-09-26 21:27:03,841 basehttp "GET /inventarios/cargar-productos HTTP/1.1" 301 0
ERROR 2024-09-26 21:27:04,055 log Internal Server Error: /inventarios/cargar-productos/
Traceback (most recent call last):
  File "C:\Users\Toshiba\anaconda3\envs\inventario\lib\site-packages\django\core\handlers\exception.py", line 55, in inner
    response = get_response(request)
  File "C:\Users\Toshiba\anaconda3\envs\inventario\lib\site-packages\django\core\handlers\base.py", line 197, in _get_response
    response = wrapped_callback(request, *callback_args, **callback_kwargs)
  File "C:\Users\Toshiba\Desktop\Proyectos\inventario\inventarios\views.py", line 258, in cargar_productos
    return render(request, 'cargar_productos.html', {'form': form})
  File "C:\Users\Toshiba\anaconda3\envs\inventario\lib\site-packages\django\shortcuts.py", line 24, in render
    content = loader.render_to_string(template_name, context, request, using=using)
  File "C:\Users\Toshiba\anaconda3\envs\inventario\lib\site-packages\django\template\loader.py", line 61, in render_to_string
    template = get_template(template_name, using=using)
  File "C:\Users\Toshiba\anaconda3\envs\inventario\lib\site-packages\django\template\loader.py", line 19, in get_template
    raise TemplateDoesNotExist(template_name, chain=chain)
django.template.exceptions.TemplateDoesNotExist: cargar_productos.html
ERROR 2024-09-26 21:27:04,063 basehttp "GET /inventarios/cargar-productos/ HTTP/1.1" 500 89368
WARNING 2024-09-26 21:27:11,984 log Not Found: /inventarios/cargar_productos/
WARNING 2024-09-26 21:27:11,986 basehttp "GET /inventarios/cargar_productos/ HTTP/1.1" 404 6611
ERROR 2024-09-26 21:27:36,021 log Internal Server Error: /inventarios/cargar-productos/
Traceback (most recent call last):
  File "C:\Users\Toshiba\anaconda3\envs\inventario\lib\site-packages\django\core\handlers\exception.py", line 55, in inner
    response = get_response(request)
  File "C:\Users\Toshiba\anaconda3\envs\inventario\lib\site-packages\django\core\handlers\base.py", line 197, in _get_response
    response = wrapped_callback(request, *callback_args, **callback_kwargs)
  File "C:\Users\Toshiba\Desktop\Proyectos\inventario\inventarios\views.py", line 258, in cargar_productos
    return render(request, 'cargar_productos.html', {'form': form})
  File "C:\Users\Toshiba\anaconda3\envs\inventario\lib\site-packages\django\shortcuts.py", line 24, in render
    content = loader.render_to_string(template_name, context, request, using=using)
  File "C:\Users\Toshiba\anaconda3\envs\inventario\lib\site-packages\django\template\loader.py", line 61, in render_to_string
    template = get_template(template_name, using=using)
  File "C:\Users\Toshiba\anaconda3\envs\inventario\lib\site-packages\django\template\loader.py", line 19, in get_template
    raise TemplateDoesNotExist(template_name, chain=chain)
django.template.exceptions.TemplateDoesNotExist: cargar_productos.html
ERROR 2024-09-26 21:27:36,024 basehttp "GET /inventarios/cargar-productos/ HTTP/1.1" 500 89231
INFO 2024-09-26 21:34:41,635 autoreload C:\Users\Toshiba\Desktop\Proyectos\inventario\inventarios\views.py changed, reloading.
INFO 2024-09-26 21:34:43,454 autoreload Watching for file changes with StatReloader
INFO 2024-09-26 21:34:46,324 basehttp "GET /inventarios/cargar-productos/ HTTP/1.1" 200 394
INFO 2024-09-26 21:36:56,164 basehttp "POST /inventarios/cargar-productos/ HTTP/1.1" 200 29
INFO 2024-09-26 21:37:06,564 basehttp "GET /inventarios/productos/agregar/ HTTP/1.1" 200 3701
INFO 2024-09-26 21:37:10,559 basehttp "GET /inventarios/productos/ HTTP/1.1" 200 9759
INFO 2024-09-26 21:50:39,841 basehttp "GET /inventarios/productos/9/ver/ HTTP/1.1" 200 1270
INFO 2024-09-26 21:50:44,199 basehttp "GET /inventarios/productos/10/editar/ HTTP/1.1" 200 2858
INFO 2024-09-26 21:53:23,836 autoreload C:\Users\Toshiba\Desktop\Proyectos\inventario\inventarios\views.py changed, reloading.
INFO 2024-09-26 21:53:25,968 autoreload Watching for file changes with StatReloader
INFO 2024-09-26 21:53:37,295 autoreload C:\Users\Toshiba\Desktop\Proyectos\inventario\inventarios\views.py changed, reloading.
INFO 2024-09-26 21:53:38,801 autoreload Watching for file changes with StatReloader
